0 info it worked if it ends with ok
1 verbose cli [ 'C:\\Program Files\\nodejs\\node.exe',
1 verbose cli   'C:\\Program Files\\nodejs\\node_modules\\npm\\bin\\npm-cli.js',
1 verbose cli   'install',
1 verbose cli   '-g',
1 verbose cli   'generator-phonegap' ]
2 info using npm@3.10.3
3 info using node@v6.3.0
4 silly loadCurrentTree Starting
5 silly install loadCurrentTree
6 silly install readGlobalPackageData
7 silly fetchPackageMetaData generator-phonegap
8 silly fetchNamedPackageData generator-phonegap
9 silly mapToRegistry name generator-phonegap
10 silly mapToRegistry using default registry
11 silly mapToRegistry registry https://registry.npmjs.org/
12 silly mapToRegistry data Result {
12 silly mapToRegistry   raw: 'generator-phonegap',
12 silly mapToRegistry   scope: null,
12 silly mapToRegistry   escapedName: 'generator-phonegap',
12 silly mapToRegistry   name: 'generator-phonegap',
12 silly mapToRegistry   rawSpec: '',
12 silly mapToRegistry   spec: 'latest',
12 silly mapToRegistry   type: 'tag' }
13 silly mapToRegistry uri https://registry.npmjs.org/generator-phonegap
14 verbose request uri https://registry.npmjs.org/generator-phonegap
15 verbose request no auth needed
16 info attempt registry request try #1 at 12:39:42 PM
17 verbose request id 22f8d527418ba48e
18 verbose etag "F0YGZF42DPQH8MWL324T5HEAE"
19 http request GET https://registry.npmjs.org/generator-phonegap
20 http 304 https://registry.npmjs.org/generator-phonegap
21 verbose headers { date: 'Fri, 22 Jul 2016 20:39:42 GMT',
21 verbose headers   via: '1.1 varnish',
21 verbose headers   'cache-control': 'max-age=300',
21 verbose headers   etag: '"F0YGZF42DPQH8MWL324T5HEAE"',
21 verbose headers   age: '0',
21 verbose headers   connection: 'keep-alive',
21 verbose headers   'x-served-by': 'cache-sea1920-SEA',
21 verbose headers   'x-cache': 'MISS',
21 verbose headers   'x-cache-hits': '0',
21 verbose headers   'x-timer': 'S1469219982.990140,VS0,VE40',
21 verbose headers   vary: 'Accept-Encoding' }
22 silly get cb [ 304,
22 silly get   { date: 'Fri, 22 Jul 2016 20:39:42 GMT',
22 silly get     via: '1.1 varnish',
22 silly get     'cache-control': 'max-age=300',
22 silly get     etag: '"F0YGZF42DPQH8MWL324T5HEAE"',
22 silly get     age: '0',
22 silly get     connection: 'keep-alive',
22 silly get     'x-served-by': 'cache-sea1920-SEA',
22 silly get     'x-cache': 'MISS',
22 silly get     'x-cache-hits': '0',
22 silly get     'x-timer': 'S1469219982.990140,VS0,VE40',
22 silly get     vary: 'Accept-Encoding' } ]
23 verbose etag https://registry.npmjs.org/generator-phonegap from cache
24 verbose get saving generator-phonegap to C:\Users\nmallow\AppData\Roaming\npm-cache\registry.npmjs.org\generator-phonegap\.cache.json
25 verbose correctMkdir C:\Users\nmallow\AppData\Roaming\npm-cache correctMkdir not in flight; initializing
26 silly install normalizeTree
27 silly loadCurrentTree Finishing
28 silly loadIdealTree Starting
29 silly install loadIdealTree
30 silly cloneCurrentTree Starting
31 silly install cloneCurrentTreeToIdealTree
32 silly cloneCurrentTree Finishing
33 silly loadShrinkwrap Starting
34 silly install loadShrinkwrap
35 silly loadShrinkwrap Finishing
36 silly loadAllDepsIntoIdealTree Starting
37 silly install loadAllDepsIntoIdealTree
38 silly resolveWithNewModule generator-phonegap@0.1.2 checking installable status
39 silly cache add args [ 'generator-phonegap', null ]
40 verbose cache add spec generator-phonegap
41 silly cache add parsed spec Result {
41 silly cache add   raw: 'generator-phonegap',
41 silly cache add   scope: null,
41 silly cache add   escapedName: 'generator-phonegap',
41 silly cache add   name: 'generator-phonegap',
41 silly cache add   rawSpec: '',
41 silly cache add   spec: 'latest',
41 silly cache add   type: 'tag' }
42 silly addNamed generator-phonegap@latest
43 verbose addNamed "latest" is being treated as a dist-tag for generator-phonegap
44 info addNameTag [ 'generator-phonegap', 'latest' ]
45 silly mapToRegistry name generator-phonegap
46 silly mapToRegistry using default registry
47 silly mapToRegistry registry https://registry.npmjs.org/
48 silly mapToRegistry data Result {
48 silly mapToRegistry   raw: 'generator-phonegap',
48 silly mapToRegistry   scope: null,
48 silly mapToRegistry   escapedName: 'generator-phonegap',
48 silly mapToRegistry   name: 'generator-phonegap',
48 silly mapToRegistry   rawSpec: '',
48 silly mapToRegistry   spec: 'latest',
48 silly mapToRegistry   type: 'tag' }
49 silly mapToRegistry uri https://registry.npmjs.org/generator-phonegap
50 verbose addNameTag registry:https://registry.npmjs.org/generator-phonegap not in flight; fetching
51 verbose get https://registry.npmjs.org/generator-phonegap not expired, no request
52 silly addNameTag next cb for generator-phonegap with tag latest
53 silly addNamed generator-phonegap@0.1.2
54 verbose addNamed "0.1.2" is a plain semver version for generator-phonegap
55 silly cache afterAdd generator-phonegap@0.1.2
56 verbose afterAdd C:\Users\nmallow\AppData\Roaming\npm-cache\generator-phonegap\0.1.2\package\package.json not in flight; writing
57 verbose correctMkdir C:\Users\nmallow\AppData\Roaming\npm-cache correctMkdir not in flight; initializing
58 verbose afterAdd C:\Users\nmallow\AppData\Roaming\npm-cache\generator-phonegap\0.1.2\package\package.json written
59 silly fetchNamedPackageData yeoman-generator
60 silly mapToRegistry name yeoman-generator
61 silly mapToRegistry using default registry
62 silly mapToRegistry registry https://registry.npmjs.org/
63 silly mapToRegistry data Result {
63 silly mapToRegistry   raw: 'yeoman-generator',
63 silly mapToRegistry   scope: null,
63 silly mapToRegistry   escapedName: 'yeoman-generator',
63 silly mapToRegistry   name: 'yeoman-generator',
63 silly mapToRegistry   rawSpec: '',
63 silly mapToRegistry   spec: 'latest',
63 silly mapToRegistry   type: 'tag' }
64 silly mapToRegistry uri https://registry.npmjs.org/yeoman-generator
65 silly fetchNamedPackageData phonegap
66 silly mapToRegistry name phonegap
67 silly mapToRegistry using default registry
68 silly mapToRegistry registry https://registry.npmjs.org/
69 silly mapToRegistry data Result {
69 silly mapToRegistry   raw: 'phonegap',
69 silly mapToRegistry   scope: null,
69 silly mapToRegistry   escapedName: 'phonegap',
69 silly mapToRegistry   name: 'phonegap',
69 silly mapToRegistry   rawSpec: '',
69 silly mapToRegistry   spec: 'latest',
69 silly mapToRegistry   type: 'tag' }
70 silly mapToRegistry uri https://registry.npmjs.org/phonegap
71 silly fetchNamedPackageData extended-fs
72 silly mapToRegistry name extended-fs
73 silly mapToRegistry using default registry
74 silly mapToRegistry registry https://registry.npmjs.org/
75 silly mapToRegistry data Result {
75 silly mapToRegistry   raw: 'extended-fs',
75 silly mapToRegistry   scope: null,
75 silly mapToRegistry   escapedName: 'extended-fs',
75 silly mapToRegistry   name: 'extended-fs',
75 silly mapToRegistry   rawSpec: '',
75 silly mapToRegistry   spec: 'latest',
75 silly mapToRegistry   type: 'tag' }
76 silly mapToRegistry uri https://registry.npmjs.org/extended-fs
77 verbose request uri https://registry.npmjs.org/yeoman-generator
78 verbose request no auth needed
79 info attempt registry request try #1 at 12:39:43 PM
80 verbose etag "B3IAOSGMBBWG4NJOE9SSSP5AR"
81 http request GET https://registry.npmjs.org/yeoman-generator
82 verbose request uri https://registry.npmjs.org/extended-fs
83 verbose request no auth needed
84 info attempt registry request try #1 at 12:39:43 PM
85 verbose etag "854VUDOYJZBLAAZHH3SB8LQZF"
86 http request GET https://registry.npmjs.org/extended-fs
87 verbose request uri https://registry.npmjs.org/phonegap
88 verbose request no auth needed
89 info attempt registry request try #1 at 12:39:43 PM
90 verbose etag "AFQXGF8396MRCZCU3KPWVHMBV"
91 http request GET https://registry.npmjs.org/phonegap
92 http 304 https://registry.npmjs.org/yeoman-generator
93 verbose headers { date: 'Fri, 22 Jul 2016 20:39:43 GMT',
93 verbose headers   via: '1.1 varnish',
93 verbose headers   'cache-control': 'max-age=300',
93 verbose headers   etag: '"B3IAOSGMBBWG4NJOE9SSSP5AR"',
93 verbose headers   age: '0',
93 verbose headers   connection: 'keep-alive',
93 verbose headers   'x-served-by': 'cache-sea1920-SEA',
93 verbose headers   'x-cache': 'HIT',
93 verbose headers   'x-cache-hits': '1',
93 verbose headers   'x-timer': 'S1469219983.156203,VS0,VE84',
93 verbose headers   vary: 'Accept-Encoding' }
94 silly get cb [ 304,
94 silly get   { date: 'Fri, 22 Jul 2016 20:39:43 GMT',
94 silly get     via: '1.1 varnish',
94 silly get     'cache-control': 'max-age=300',
94 silly get     etag: '"B3IAOSGMBBWG4NJOE9SSSP5AR"',
94 silly get     age: '0',
94 silly get     connection: 'keep-alive',
94 silly get     'x-served-by': 'cache-sea1920-SEA',
94 silly get     'x-cache': 'HIT',
94 silly get     'x-cache-hits': '1',
94 silly get     'x-timer': 'S1469219983.156203,VS0,VE84',
94 silly get     vary: 'Accept-Encoding' } ]
95 verbose etag https://registry.npmjs.org/yeoman-generator from cache
96 verbose get saving yeoman-generator to C:\Users\nmallow\AppData\Roaming\npm-cache\registry.npmjs.org\yeoman-generator\.cache.json
97 verbose correctMkdir C:\Users\nmallow\AppData\Roaming\npm-cache correctMkdir not in flight; initializing
98 silly resolveWithNewModule yeoman-generator@0.13.4 checking installable status
99 silly cache add args [ 'yeoman-generator@~0.13.0', null ]
100 verbose cache add spec yeoman-generator@~0.13.0
101 silly cache add parsed spec Result {
101 silly cache add   raw: 'yeoman-generator@~0.13.0',
101 silly cache add   scope: null,
101 silly cache add   escapedName: 'yeoman-generator',
101 silly cache add   name: 'yeoman-generator',
101 silly cache add   rawSpec: '~0.13.0',
101 silly cache add   spec: '>=0.13.0 <0.14.0',
101 silly cache add   type: 'range' }
102 silly addNamed yeoman-generator@>=0.13.0 <0.14.0
103 verbose addNamed ">=0.13.0 <0.14.0" is a valid semver range for yeoman-generator
104 silly addNameRange { name: 'yeoman-generator',
104 silly addNameRange   range: '>=0.13.0 <0.14.0',
104 silly addNameRange   hasData: false }
105 silly mapToRegistry name yeoman-generator
106 silly mapToRegistry using default registry
107 silly mapToRegistry registry https://registry.npmjs.org/
108 silly mapToRegistry data Result {
108 silly mapToRegistry   raw: 'yeoman-generator',
108 silly mapToRegistry   scope: null,
108 silly mapToRegistry   escapedName: 'yeoman-generator',
108 silly mapToRegistry   name: 'yeoman-generator',
108 silly mapToRegistry   rawSpec: '',
108 silly mapToRegistry   spec: 'latest',
108 silly mapToRegistry   type: 'tag' }
109 silly mapToRegistry uri https://registry.npmjs.org/yeoman-generator
110 verbose addNameRange registry:https://registry.npmjs.org/yeoman-generator not in flight; fetching
111 verbose get https://registry.npmjs.org/yeoman-generator not expired, no request
112 silly addNameRange number 2 { name: 'yeoman-generator',
112 silly addNameRange   range: '>=0.13.0 <0.14.0',
112 silly addNameRange   hasData: true }
113 silly addNameRange versions [ 'yeoman-generator',
113 silly addNameRange   [ '0.10.0',
113 silly addNameRange     '0.10.1',
113 silly addNameRange     '0.10.2',
113 silly addNameRange     '0.10.3',
113 silly addNameRange     '0.10.4',
113 silly addNameRange     '0.10.5',
113 silly addNameRange     '0.11.0',
113 silly addNameRange     '0.11.1',
113 silly addNameRange     '0.11.2',
113 silly addNameRange     '0.11.3',
113 silly addNameRange     '0.11.4',
113 silly addNameRange     '0.12.0',
113 silly addNameRange     '0.12.1',
113 silly addNameRange     '0.12.2',
113 silly addNameRange     '0.12.3',
113 silly addNameRange     '0.13.0',
113 silly addNameRange     '0.13.1',
113 silly addNameRange     '0.13.2',
113 silly addNameRange     '0.13.3',
113 silly addNameRange     '0.13.4',
113 silly addNameRange     '0.14.0-rc.1',
113 silly addNameRange     '0.14.0-rc.2',
113 silly addNameRange     '0.14.0',
113 silly addNameRange     '0.14.1',
113 silly addNameRange     '0.14.2',
113 silly addNameRange     '0.15.0-pre.1',
113 silly addNameRange     '0.15.0-pre.2',
113 silly addNameRange     '0.15.0-pre.3',
113 silly addNameRange     '0.15.0',
113 silly addNameRange     '0.16.0',
113 silly addNameRange     '0.17.0-pre.1',
113 silly addNameRange     '0.17.0-pre.2',
113 silly addNameRange     '0.17.0-pre.3',
113 silly addNameRange     '0.17.0-pre.4',
113 silly addNameRange     '0.17.0',
113 silly addNameRange     '0.17.1',
113 silly addNameRange     '0.17.2',
113 silly addNameRange     '0.17.3',
113 silly addNameRange     '0.17.4',
113 silly addNameRange     '0.17.5',
113 silly addNameRange     '0.17.6',
113 silly addNameRange     '0.17.7',
113 silly addNameRange     '0.18.0-pre.1',
113 silly addNameRange     '0.18.0-pre.2',
113 silly addNameRange     '0.18.0-pre.3',
113 silly addNameRange     '0.18.0',
113 silly addNameRange     '0.18.1',
113 silly addNameRange     '0.18.2',
113 silly addNameRange     '0.18.3',
113 silly addNameRange     '0.18.4',
113 silly addNameRange     '0.18.5',
113 silly addNameRange     '0.18.6',
113 silly addNameRange     '0.18.7',
113 silly addNameRange     '0.18.8',
113 silly addNameRange     '0.18.9',
113 silly addNameRange     '0.18.10',
113 silly addNameRange     '0.19.0',
113 silly addNameRange     '0.19.1',
113 silly addNameRange     '0.19.2',
113 silly addNameRange     '0.20.0',
113 silly addNameRange     '0.20.1',
113 silly addNameRange     '0.20.2',
113 silly addNameRange     '0.20.3',
113 silly addNameRange     '0.21.0',
113 silly addNameRange     '0.21.1',
113 silly addNameRange     '0.22.0',
113 silly addNameRange     '0.22.1',
113 silly addNameRange     '0.22.2',
113 silly addNameRange     '0.22.3',
113 silly addNameRange     '0.22.4',
113 silly addNameRange     '0.22.5',
113 silly addNameRange     '0.22.6',
113 silly addNameRange     '0.23.0',
113 silly addNameRange     '0.23.1',
113 silly addNameRange     '0.23.2',
113 silly addNameRange     '0.23.3',
113 silly addNameRange     '0.21.2',
113 silly addNameRange     '0.23.4',
113 silly addNameRange     '0.24.1' ] ]
114 silly addNamed yeoman-generator@0.13.4
115 verbose addNamed "0.13.4" is a plain semver version for yeoman-generator
116 silly cache afterAdd yeoman-generator@0.13.4
117 verbose afterAdd C:\Users\nmallow\AppData\Roaming\npm-cache\yeoman-generator\0.13.4\package\package.json not in flight; writing
118 verbose correctMkdir C:\Users\nmallow\AppData\Roaming\npm-cache correctMkdir not in flight; initializing
119 verbose afterAdd C:\Users\nmallow\AppData\Roaming\npm-cache\yeoman-generator\0.13.4\package\package.json written
120 http 304 https://registry.npmjs.org/extended-fs
121 verbose headers { date: 'Fri, 22 Jul 2016 20:39:43 GMT',
121 verbose headers   via: '1.1 varnish',
121 verbose headers   'cache-control': 'max-age=300',
121 verbose headers   etag: '"854VUDOYJZBLAAZHH3SB8LQZF"',
121 verbose headers   age: '0',
121 verbose headers   connection: 'keep-alive',
121 verbose headers   'x-served-by': 'cache-sea1920-SEA',
121 verbose headers   'x-cache': 'MISS',
121 verbose headers   'x-cache-hits': '0',
121 verbose headers   'x-timer': 'S1469219983.242972,VS0,VE50',
121 verbose headers   vary: 'Accept-Encoding' }
122 silly get cb [ 304,
122 silly get   { date: 'Fri, 22 Jul 2016 20:39:43 GMT',
122 silly get     via: '1.1 varnish',
122 silly get     'cache-control': 'max-age=300',
122 silly get     etag: '"854VUDOYJZBLAAZHH3SB8LQZF"',
122 silly get     age: '0',
122 silly get     connection: 'keep-alive',
122 silly get     'x-served-by': 'cache-sea1920-SEA',
122 silly get     'x-cache': 'MISS',
122 silly get     'x-cache-hits': '0',
122 silly get     'x-timer': 'S1469219983.242972,VS0,VE50',
122 silly get     vary: 'Accept-Encoding' } ]
123 verbose etag https://registry.npmjs.org/extended-fs from cache
124 verbose get saving extended-fs to C:\Users\nmallow\AppData\Roaming\npm-cache\registry.npmjs.org\extended-fs\.cache.json
125 verbose correctMkdir C:\Users\nmallow\AppData\Roaming\npm-cache correctMkdir not in flight; initializing
126 silly resolveWithNewModule extended-fs@0.3.3 checking installable status
127 silly cache add args [ 'extended-fs@~0.3.1', null ]
128 verbose cache add spec extended-fs@~0.3.1
129 silly cache add parsed spec Result {
129 silly cache add   raw: 'extended-fs@~0.3.1',
129 silly cache add   scope: null,
129 silly cache add   escapedName: 'extended-fs',
129 silly cache add   name: 'extended-fs',
129 silly cache add   rawSpec: '~0.3.1',
129 silly cache add   spec: '>=0.3.1 <0.4.0',
129 silly cache add   type: 'range' }
130 silly addNamed extended-fs@>=0.3.1 <0.4.0
131 verbose addNamed ">=0.3.1 <0.4.0" is a valid semver range for extended-fs
132 silly addNameRange { name: 'extended-fs', range: '>=0.3.1 <0.4.0', hasData: false }
133 silly mapToRegistry name extended-fs
134 silly mapToRegistry using default registry
135 silly mapToRegistry registry https://registry.npmjs.org/
136 silly mapToRegistry data Result {
136 silly mapToRegistry   raw: 'extended-fs',
136 silly mapToRegistry   scope: null,
136 silly mapToRegistry   escapedName: 'extended-fs',
136 silly mapToRegistry   name: 'extended-fs',
136 silly mapToRegistry   rawSpec: '',
136 silly mapToRegistry   spec: 'latest',
136 silly mapToRegistry   type: 'tag' }
137 silly mapToRegistry uri https://registry.npmjs.org/extended-fs
138 verbose addNameRange registry:https://registry.npmjs.org/extended-fs not in flight; fetching
139 verbose get https://registry.npmjs.org/extended-fs not expired, no request
140 silly addNameRange number 2 { name: 'extended-fs', range: '>=0.3.1 <0.4.0', hasData: true }
141 silly addNameRange versions [ 'extended-fs',
141 silly addNameRange   [ '0.1.0', '0.2.1', '0.3.0', '0.3.1', '0.3.2', '0.3.3' ] ]
142 silly addNamed extended-fs@0.3.3
143 verbose addNamed "0.3.3" is a plain semver version for extended-fs
144 silly cache afterAdd extended-fs@0.3.3
145 verbose afterAdd C:\Users\nmallow\AppData\Roaming\npm-cache\extended-fs\0.3.3\package\package.json not in flight; writing
146 verbose correctMkdir C:\Users\nmallow\AppData\Roaming\npm-cache correctMkdir not in flight; initializing
147 verbose afterAdd C:\Users\nmallow\AppData\Roaming\npm-cache\extended-fs\0.3.3\package\package.json written
148 http 304 https://registry.npmjs.org/phonegap
149 verbose headers { date: 'Fri, 22 Jul 2016 20:39:43 GMT',
149 verbose headers   via: '1.1 varnish',
149 verbose headers   'cache-control': 'max-age=300',
149 verbose headers   etag: '"AFQXGF8396MRCZCU3KPWVHMBV"',
149 verbose headers   age: '0',
149 verbose headers   connection: 'keep-alive',
149 verbose headers   'x-served-by': 'cache-sea1922-SEA',
149 verbose headers   'x-cache': 'MISS',
149 verbose headers   'x-cache-hits': '0',
149 verbose headers   'x-timer': 'S1469219983.247931,VS0,VE255',
149 verbose headers   vary: 'Accept-Encoding' }
150 silly get cb [ 304,
150 silly get   { date: 'Fri, 22 Jul 2016 20:39:43 GMT',
150 silly get     via: '1.1 varnish',
150 silly get     'cache-control': 'max-age=300',
150 silly get     etag: '"AFQXGF8396MRCZCU3KPWVHMBV"',
150 silly get     age: '0',
150 silly get     connection: 'keep-alive',
150 silly get     'x-served-by': 'cache-sea1922-SEA',
150 silly get     'x-cache': 'MISS',
150 silly get     'x-cache-hits': '0',
150 silly get     'x-timer': 'S1469219983.247931,VS0,VE255',
150 silly get     vary: 'Accept-Encoding' } ]
151 verbose etag https://registry.npmjs.org/phonegap from cache
152 verbose get saving phonegap to C:\Users\nmallow\AppData\Roaming\npm-cache\registry.npmjs.org\phonegap\.cache.json
153 verbose correctMkdir C:\Users\nmallow\AppData\Roaming\npm-cache correctMkdir not in flight; initializing
154 silly fetchNamedPackageData No valid target from cache, forcing network
155 verbose request uri https://registry.npmjs.org/phonegap
156 verbose request no auth needed
157 info attempt registry request try #1 at 12:39:43 PM
158 http request GET https://registry.npmjs.org/phonegap
159 http 200 https://registry.npmjs.org/phonegap
160 verbose headers { server: 'CouchDB/1.5.0 (Erlang OTP/R16B03)',
160 verbose headers   etag: '"AFQXGF8396MRCZCU3KPWVHMBV"',
160 verbose headers   'content-type': 'application/json',
160 verbose headers   'content-encoding': 'gzip',
160 verbose headers   'cache-control': 'max-age=300',
160 verbose headers   'content-length': '28546',
160 verbose headers   'accept-ranges': 'bytes',
160 verbose headers   date: 'Fri, 22 Jul 2016 20:39:43 GMT',
160 verbose headers   via: '1.1 varnish',
160 verbose headers   age: '0',
160 verbose headers   connection: 'keep-alive',
160 verbose headers   'x-served-by': 'cache-sea1920-SEA',
160 verbose headers   'x-cache': 'HIT',
160 verbose headers   'x-cache-hits': '1',
160 verbose headers   'x-timer': 'S1469219983.606773,VS0,VE0',
160 verbose headers   vary: 'Accept-Encoding' }
161 silly get cb [ 200,
161 silly get   { server: 'CouchDB/1.5.0 (Erlang OTP/R16B03)',
161 silly get     etag: '"AFQXGF8396MRCZCU3KPWVHMBV"',
161 silly get     'content-type': 'application/json',
161 silly get     'content-encoding': 'gzip',
161 silly get     'cache-control': 'max-age=300',
161 silly get     'content-length': '28546',
161 silly get     'accept-ranges': 'bytes',
161 silly get     date: 'Fri, 22 Jul 2016 20:39:43 GMT',
161 silly get     via: '1.1 varnish',
161 silly get     age: '0',
161 silly get     connection: 'keep-alive',
161 silly get     'x-served-by': 'cache-sea1920-SEA',
161 silly get     'x-cache': 'HIT',
161 silly get     'x-cache-hits': '1',
161 silly get     'x-timer': 'S1469219983.606773,VS0,VE0',
161 silly get     vary: 'Accept-Encoding' } ]
162 verbose get saving phonegap to C:\Users\nmallow\AppData\Roaming\npm-cache\registry.npmjs.org\phonegap\.cache.json
163 verbose correctMkdir C:\Users\nmallow\AppData\Roaming\npm-cache correctMkdir not in flight; initializing
164 silly fetchPackageMetaData Error: No compatible version found: phonegap@~3.1.0
164 silly fetchPackageMetaData Valid install targets:
164 silly fetchPackageMetaData 6.3.0, 6.2.9, 6.2.8, 6.2.7, 6.2.6, 6.2.5, 6.2.4, 6.2.3, 6.2.2, 6.2.1, 6.2.0, 6.1.0, 6.0.5, 6.0.4, 6.0.3, 6.0.2, 6.0.1, 6.0.0, 5.5.2, 5.5.1, 5.5.0, 5.4.1, 5.4.0, 5.3.10, 5.3.9, 5.3.8, 5.3.7, 5.3.6, 5.3.5, 5.3.4, 5.3.3, 5.3.2, 5.3.1, 5.2.3, 5.2.2, 5.2.1, 5.2.0, 5.1.1, 5.1.1-0.29.0, 5.0.0-0.28.1, 5.0.0-0.28.0, 5.0.0-0.27.1, 5.0.0-0.27.0, 4.2.0-0.26.0, 4.2.0-0.25.0, 4.2.0-0.24.2, 4.2.0-0.24.1, 4.2.0-0.24.0, 4.2.0-0.23.0, 4.1.2-0.22.12, 4.1.2-0.22.11, 4.1.2-0.22.10, 4.1.2-0.22.9, 4.1.2-0.22.8, 4.1.2-0.22.7, 4.0.0-0.22.7, 3.6.3-0.22.7, 3.6.3-0.22.6, 3.6.3-0.22.5, 3.6.3-0.22.4, 3.6.3-0.22.3, 3.6.3-0.22.2, 3.6.3-0.22.1, 3.6.3-0.22.0, 3.6.0-0.21.19, 3.6.0-0.21.18, 3.5.0-0.21.18, 3.5.0-0.21.17, 3.5.0-0.21.16, 3.5.0-0.21.15, 3.5.0-0.21.14, 3.5.0-0.20.14, 3.5.0-0.20.10, 3.5.0-0.20.9, 3.5.0-0.20.7, 3.5.0-0.20.6, 3.5.0-0.20.5, 3.5.0-0.20.4, 3.5.0-0.20.3, 3.5.0-0.20.1, 3.5.0-0.20.0, 3.5.0-0.19.23, 3.4.0-0.20.0, 3.4.0-0.19.21, 3.4.0-0.19.20, 3.4.0-0.19.19, 3.4.0-0.19.18, 3.4.0-0.19.17, 3.4.0-0.19.16, 3.4.0-0.19.15, 3.4.0-0.19.14, 3.4.0-0.19.13, 3.4.0-0.19.12, 3.4.0-0.19.11, 3.4.0-0.19.10, 3.4.0-0.19.9, 3.4.0-0.19.8, 3.4.0-0.19.7, 3.3.0-0.19.6, 3.3.0-0.19.5, 3.3.0-0.19.4, 3.3.0-0.19.3, 3.3.0-0.19.2, 3.3.0-0.19.1, 3.3.0-0.19.0, 3.3.0-0.18.1, 3.3.0-0.18.0, 3.3.0-0.17.1, 3.2.0-0.17.1, 3.2.0-0.17.0, 3.2.0-0.16.0, 3.2.0-0.15.0, 3.1.0-0.15.0, 3.0.0-rc1-0.13.3, 3.0.0-rc1-0.13.2, 3.0.0-0.14.4, 3.0.0-0.14.3, 3.0.0-0.14.2, 3.0.0-0.14.1, 3.0.0-0.14.0, 2.9.0-rc1-0.12.2, 2.9.0-rc1-0.12.1, 2.9.0-rc1-0.12.0, 2.9.0-0.13.2, 2.9.0-0.13.1, 2.9.0-0.13.0, 2.9.0-0.12.11, 2.9.0-0.12.10, 2.9.0-0.12.9, 2.9.0-0.12.8, 2.9.0-0.12.7, 2.9.0-0.12.6, 2.9.0-0.12.5, 2.9.0-0.12.4, 2.9.0-0.12.3, 2.9.0-0.12.2, 2.8.1-0.11.0, 2.8.0-0.10.6, 2.8.0-0.10.4, 2.8.0-0.10.3, 2.8.0-0.10.2, 2.8.0-0.10.1, 2.8.0-0.10.0, 0.9.4, 0.9.3, 0.9.2, 0.9.1, 0.9.0, 0.8.1, 0.8.0, 0.7.8, 0.7.7, 0.7.6, 0.7.5, 0.7.4, 0.7.3, 0.7.2, 0.7.1, 0.7.0, 0.6.1, 0.6.0, 0.5.0, 0.4.1, 0.4.0, 0.3.0, 0.2.2, 0.2.1, 0.2.0
164 silly fetchPackageMetaData
164 silly fetchPackageMetaData     at pickVersionFromRegistryDocument (C:\Program Files\nodejs\node_modules\npm\lib\fetch-package-metadata.js:170:16)
164 silly fetchPackageMetaData     at C:\Program Files\nodejs\node_modules\npm\node_modules\iferr\index.js:13:50
164 silly fetchPackageMetaData     at C:\Program Files\nodejs\node_modules\npm\lib\utils\pulse-till-done.js:20:8
164 silly fetchPackageMetaData     at saved (C:\Program Files\nodejs\node_modules\npm\lib\cache\caching-client.js:174:7)
164 silly fetchPackageMetaData     at C:\Program Files\nodejs\node_modules\npm\node_modules\graceful-fs\polyfills.js:210:7
164 silly fetchPackageMetaData     at FSReqWrap.oncomplete (fs.js:123:15)
164 silly fetchPackageMetaData  error for phonegap@~3.1.0 Error: No compatible version found: phonegap@~3.1.0
164 silly fetchPackageMetaData Valid install targets:
164 silly fetchPackageMetaData 6.3.0, 6.2.9, 6.2.8, 6.2.7, 6.2.6, 6.2.5, 6.2.4, 6.2.3, 6.2.2, 6.2.1, 6.2.0, 6.1.0, 6.0.5, 6.0.4, 6.0.3, 6.0.2, 6.0.1, 6.0.0, 5.5.2, 5.5.1, 5.5.0, 5.4.1, 5.4.0, 5.3.10, 5.3.9, 5.3.8, 5.3.7, 5.3.6, 5.3.5, 5.3.4, 5.3.3, 5.3.2, 5.3.1, 5.2.3, 5.2.2, 5.2.1, 5.2.0, 5.1.1, 5.1.1-0.29.0, 5.0.0-0.28.1, 5.0.0-0.28.0, 5.0.0-0.27.1, 5.0.0-0.27.0, 4.2.0-0.26.0, 4.2.0-0.25.0, 4.2.0-0.24.2, 4.2.0-0.24.1, 4.2.0-0.24.0, 4.2.0-0.23.0, 4.1.2-0.22.12, 4.1.2-0.22.11, 4.1.2-0.22.10, 4.1.2-0.22.9, 4.1.2-0.22.8, 4.1.2-0.22.7, 4.0.0-0.22.7, 3.6.3-0.22.7, 3.6.3-0.22.6, 3.6.3-0.22.5, 3.6.3-0.22.4, 3.6.3-0.22.3, 3.6.3-0.22.2, 3.6.3-0.22.1, 3.6.3-0.22.0, 3.6.0-0.21.19, 3.6.0-0.21.18, 3.5.0-0.21.18, 3.5.0-0.21.17, 3.5.0-0.21.16, 3.5.0-0.21.15, 3.5.0-0.21.14, 3.5.0-0.20.14, 3.5.0-0.20.10, 3.5.0-0.20.9, 3.5.0-0.20.7, 3.5.0-0.20.6, 3.5.0-0.20.5, 3.5.0-0.20.4, 3.5.0-0.20.3, 3.5.0-0.20.1, 3.5.0-0.20.0, 3.5.0-0.19.23, 3.4.0-0.20.0, 3.4.0-0.19.21, 3.4.0-0.19.20, 3.4.0-0.19.19, 3.4.0-0.19.18, 3.4.0-0.19.17, 3.4.0-0.19.16, 3.4.0-0.19.15, 3.4.0-0.19.14, 3.4.0-0.19.13, 3.4.0-0.19.12, 3.4.0-0.19.11, 3.4.0-0.19.10, 3.4.0-0.19.9, 3.4.0-0.19.8, 3.4.0-0.19.7, 3.3.0-0.19.6, 3.3.0-0.19.5, 3.3.0-0.19.4, 3.3.0-0.19.3, 3.3.0-0.19.2, 3.3.0-0.19.1, 3.3.0-0.19.0, 3.3.0-0.18.1, 3.3.0-0.18.0, 3.3.0-0.17.1, 3.2.0-0.17.1, 3.2.0-0.17.0, 3.2.0-0.16.0, 3.2.0-0.15.0, 3.1.0-0.15.0, 3.0.0-rc1-0.13.3, 3.0.0-rc1-0.13.2, 3.0.0-0.14.4, 3.0.0-0.14.3, 3.0.0-0.14.2, 3.0.0-0.14.1, 3.0.0-0.14.0, 2.9.0-rc1-0.12.2, 2.9.0-rc1-0.12.1, 2.9.0-rc1-0.12.0, 2.9.0-0.13.2, 2.9.0-0.13.1, 2.9.0-0.13.0, 2.9.0-0.12.11, 2.9.0-0.12.10, 2.9.0-0.12.9, 2.9.0-0.12.8, 2.9.0-0.12.7, 2.9.0-0.12.6, 2.9.0-0.12.5, 2.9.0-0.12.4, 2.9.0-0.12.3, 2.9.0-0.12.2, 2.8.1-0.11.0, 2.8.0-0.10.6, 2.8.0-0.10.4, 2.8.0-0.10.3, 2.8.0-0.10.2, 2.8.0-0.10.1, 2.8.0-0.10.0, 0.9.4, 0.9.3, 0.9.2, 0.9.1, 0.9.0, 0.8.1, 0.8.0, 0.7.8, 0.7.7, 0.7.6, 0.7.5, 0.7.4, 0.7.3, 0.7.2, 0.7.1, 0.7.0, 0.6.1, 0.6.0, 0.5.0, 0.4.1, 0.4.0, 0.3.0, 0.2.2, 0.2.1, 0.2.0
164 silly fetchPackageMetaData
164 silly fetchPackageMetaData     at pickVersionFromRegistryDocument (C:\Program Files\nodejs\node_modules\npm\lib\fetch-package-metadata.js:170:16)
164 silly fetchPackageMetaData     at C:\Program Files\nodejs\node_modules\npm\node_modules\iferr\index.js:13:50
164 silly fetchPackageMetaData     at C:\Program Files\nodejs\node_modules\npm\lib\utils\pulse-till-done.js:20:8
164 silly fetchPackageMetaData     at saved (C:\Program Files\nodejs\node_modules\npm\lib\cache\caching-client.js:174:7)
164 silly fetchPackageMetaData     at C:\Program Files\nodejs\node_modules\npm\node_modules\graceful-fs\polyfills.js:210:7
164 silly fetchPackageMetaData     at FSReqWrap.oncomplete (fs.js:123:15)
165 silly rollbackFailedOptional Starting
166 silly rollbackFailedOptional Finishing
167 silly runTopLevelLifecycles Starting
168 silly runTopLevelLifecycles Finishing
169 silly install printInstalled
170 verbose stack Error: No compatible version found: phonegap@~3.1.0
170 verbose stack Valid install targets:
170 verbose stack 6.3.0, 6.2.9, 6.2.8, 6.2.7, 6.2.6, 6.2.5, 6.2.4, 6.2.3, 6.2.2, 6.2.1, 6.2.0, 6.1.0, 6.0.5, 6.0.4, 6.0.3, 6.0.2, 6.0.1, 6.0.0, 5.5.2, 5.5.1, 5.5.0, 5.4.1, 5.4.0, 5.3.10, 5.3.9, 5.3.8, 5.3.7, 5.3.6, 5.3.5, 5.3.4, 5.3.3, 5.3.2, 5.3.1, 5.2.3, 5.2.2, 5.2.1, 5.2.0, 5.1.1, 5.1.1-0.29.0, 5.0.0-0.28.1, 5.0.0-0.28.0, 5.0.0-0.27.1, 5.0.0-0.27.0, 4.2.0-0.26.0, 4.2.0-0.25.0, 4.2.0-0.24.2, 4.2.0-0.24.1, 4.2.0-0.24.0, 4.2.0-0.23.0, 4.1.2-0.22.12, 4.1.2-0.22.11, 4.1.2-0.22.10, 4.1.2-0.22.9, 4.1.2-0.22.8, 4.1.2-0.22.7, 4.0.0-0.22.7, 3.6.3-0.22.7, 3.6.3-0.22.6, 3.6.3-0.22.5, 3.6.3-0.22.4, 3.6.3-0.22.3, 3.6.3-0.22.2, 3.6.3-0.22.1, 3.6.3-0.22.0, 3.6.0-0.21.19, 3.6.0-0.21.18, 3.5.0-0.21.18, 3.5.0-0.21.17, 3.5.0-0.21.16, 3.5.0-0.21.15, 3.5.0-0.21.14, 3.5.0-0.20.14, 3.5.0-0.20.10, 3.5.0-0.20.9, 3.5.0-0.20.7, 3.5.0-0.20.6, 3.5.0-0.20.5, 3.5.0-0.20.4, 3.5.0-0.20.3, 3.5.0-0.20.1, 3.5.0-0.20.0, 3.5.0-0.19.23, 3.4.0-0.20.0, 3.4.0-0.19.21, 3.4.0-0.19.20, 3.4.0-0.19.19, 3.4.0-0.19.18, 3.4.0-0.19.17, 3.4.0-0.19.16, 3.4.0-0.19.15, 3.4.0-0.19.14, 3.4.0-0.19.13, 3.4.0-0.19.12, 3.4.0-0.19.11, 3.4.0-0.19.10, 3.4.0-0.19.9, 3.4.0-0.19.8, 3.4.0-0.19.7, 3.3.0-0.19.6, 3.3.0-0.19.5, 3.3.0-0.19.4, 3.3.0-0.19.3, 3.3.0-0.19.2, 3.3.0-0.19.1, 3.3.0-0.19.0, 3.3.0-0.18.1, 3.3.0-0.18.0, 3.3.0-0.17.1, 3.2.0-0.17.1, 3.2.0-0.17.0, 3.2.0-0.16.0, 3.2.0-0.15.0, 3.1.0-0.15.0, 3.0.0-rc1-0.13.3, 3.0.0-rc1-0.13.2, 3.0.0-0.14.4, 3.0.0-0.14.3, 3.0.0-0.14.2, 3.0.0-0.14.1, 3.0.0-0.14.0, 2.9.0-rc1-0.12.2, 2.9.0-rc1-0.12.1, 2.9.0-rc1-0.12.0, 2.9.0-0.13.2, 2.9.0-0.13.1, 2.9.0-0.13.0, 2.9.0-0.12.11, 2.9.0-0.12.10, 2.9.0-0.12.9, 2.9.0-0.12.8, 2.9.0-0.12.7, 2.9.0-0.12.6, 2.9.0-0.12.5, 2.9.0-0.12.4, 2.9.0-0.12.3, 2.9.0-0.12.2, 2.8.1-0.11.0, 2.8.0-0.10.6, 2.8.0-0.10.4, 2.8.0-0.10.3, 2.8.0-0.10.2, 2.8.0-0.10.1, 2.8.0-0.10.0, 0.9.4, 0.9.3, 0.9.2, 0.9.1, 0.9.0, 0.8.1, 0.8.0, 0.7.8, 0.7.7, 0.7.6, 0.7.5, 0.7.4, 0.7.3, 0.7.2, 0.7.1, 0.7.0, 0.6.1, 0.6.0, 0.5.0, 0.4.1, 0.4.0, 0.3.0, 0.2.2, 0.2.1, 0.2.0
170 verbose stack
170 verbose stack     at pickVersionFromRegistryDocument (C:\Program Files\nodejs\node_modules\npm\lib\fetch-package-metadata.js:170:16)
170 verbose stack     at C:\Program Files\nodejs\node_modules\npm\node_modules\iferr\index.js:13:50
170 verbose stack     at C:\Program Files\nodejs\node_modules\npm\lib\utils\pulse-till-done.js:20:8
170 verbose stack     at saved (C:\Program Files\nodejs\node_modules\npm\lib\cache\caching-client.js:174:7)
170 verbose stack     at C:\Program Files\nodejs\node_modules\npm\node_modules\graceful-fs\polyfills.js:210:7
170 verbose stack     at FSReqWrap.oncomplete (fs.js:123:15)
171 verbose cwd C:\workspace\phonetest
172 error Windows_NT 6.1.7601
173 error argv "C:\\Program Files\\nodejs\\node.exe" "C:\\Program Files\\nodejs\\node_modules\\npm\\bin\\npm-cli.js" "install" "-g" "generator-phonegap"
174 error node v6.3.0
175 error npm  v3.10.3
176 error No compatible version found: phonegap@~3.1.0
176 error Valid install targets:
176 error 6.3.0, 6.2.9, 6.2.8, 6.2.7, 6.2.6, 6.2.5, 6.2.4, 6.2.3, 6.2.2, 6.2.1, 6.2.0, 6.1.0, 6.0.5, 6.0.4, 6.0.3, 6.0.2, 6.0.1, 6.0.0, 5.5.2, 5.5.1, 5.5.0, 5.4.1, 5.4.0, 5.3.10, 5.3.9, 5.3.8, 5.3.7, 5.3.6, 5.3.5, 5.3.4, 5.3.3, 5.3.2, 5.3.1, 5.2.3, 5.2.2, 5.2.1, 5.2.0, 5.1.1, 5.1.1-0.29.0, 5.0.0-0.28.1, 5.0.0-0.28.0, 5.0.0-0.27.1, 5.0.0-0.27.0, 4.2.0-0.26.0, 4.2.0-0.25.0, 4.2.0-0.24.2, 4.2.0-0.24.1, 4.2.0-0.24.0, 4.2.0-0.23.0, 4.1.2-0.22.12, 4.1.2-0.22.11, 4.1.2-0.22.10, 4.1.2-0.22.9, 4.1.2-0.22.8, 4.1.2-0.22.7, 4.0.0-0.22.7, 3.6.3-0.22.7, 3.6.3-0.22.6, 3.6.3-0.22.5, 3.6.3-0.22.4, 3.6.3-0.22.3, 3.6.3-0.22.2, 3.6.3-0.22.1, 3.6.3-0.22.0, 3.6.0-0.21.19, 3.6.0-0.21.18, 3.5.0-0.21.18, 3.5.0-0.21.17, 3.5.0-0.21.16, 3.5.0-0.21.15, 3.5.0-0.21.14, 3.5.0-0.20.14, 3.5.0-0.20.10, 3.5.0-0.20.9, 3.5.0-0.20.7, 3.5.0-0.20.6, 3.5.0-0.20.5, 3.5.0-0.20.4, 3.5.0-0.20.3, 3.5.0-0.20.1, 3.5.0-0.20.0, 3.5.0-0.19.23, 3.4.0-0.20.0, 3.4.0-0.19.21, 3.4.0-0.19.20, 3.4.0-0.19.19, 3.4.0-0.19.18, 3.4.0-0.19.17, 3.4.0-0.19.16, 3.4.0-0.19.15, 3.4.0-0.19.14, 3.4.0-0.19.13, 3.4.0-0.19.12, 3.4.0-0.19.11, 3.4.0-0.19.10, 3.4.0-0.19.9, 3.4.0-0.19.8, 3.4.0-0.19.7, 3.3.0-0.19.6, 3.3.0-0.19.5, 3.3.0-0.19.4, 3.3.0-0.19.3, 3.3.0-0.19.2, 3.3.0-0.19.1, 3.3.0-0.19.0, 3.3.0-0.18.1, 3.3.0-0.18.0, 3.3.0-0.17.1, 3.2.0-0.17.1, 3.2.0-0.17.0, 3.2.0-0.16.0, 3.2.0-0.15.0, 3.1.0-0.15.0, 3.0.0-rc1-0.13.3, 3.0.0-rc1-0.13.2, 3.0.0-0.14.4, 3.0.0-0.14.3, 3.0.0-0.14.2, 3.0.0-0.14.1, 3.0.0-0.14.0, 2.9.0-rc1-0.12.2, 2.9.0-rc1-0.12.1, 2.9.0-rc1-0.12.0, 2.9.0-0.13.2, 2.9.0-0.13.1, 2.9.0-0.13.0, 2.9.0-0.12.11, 2.9.0-0.12.10, 2.9.0-0.12.9, 2.9.0-0.12.8, 2.9.0-0.12.7, 2.9.0-0.12.6, 2.9.0-0.12.5, 2.9.0-0.12.4, 2.9.0-0.12.3, 2.9.0-0.12.2, 2.8.1-0.11.0, 2.8.0-0.10.6, 2.8.0-0.10.4, 2.8.0-0.10.3, 2.8.0-0.10.2, 2.8.0-0.10.1, 2.8.0-0.10.0, 0.9.4, 0.9.3, 0.9.2, 0.9.1, 0.9.0, 0.8.1, 0.8.0, 0.7.8, 0.7.7, 0.7.6, 0.7.5, 0.7.4, 0.7.3, 0.7.2, 0.7.1, 0.7.0, 0.6.1, 0.6.0, 0.5.0, 0.4.1, 0.4.0, 0.3.0, 0.2.2, 0.2.1, 0.2.0
177 error If you need help, you may report this error at:
177 error     <https://github.com/npm/npm/issues>
178 verbose exit [ 1, true ]
